<?xml version="1.0" encoding="UTF-8"?>
<!-- Generated by org.testng.reporters.JUnitReportReporter -->
<testsuite hostname="DESKTOP-R3NAQK4" failures="0" tests="2" name="cucumber.TestNGRunner" time="8.510" errors="0" timestamp="2024-08-18T15:59:52 IST" skipped="0">
  <testcase classname="cucumber.TestNGRunner" name="runScenario" time="4.426"/>
  <testcase classname="cucumber.TestNGRunner" name="runScenario" time="4.084"/>
</testsuite> <!-- cucumber.TestNGRunner -->
