<?xml version="1.0" encoding="UTF-8"?>
<!-- Generated by org.testng.reporters.JUnitReportReporter -->
<testsuite hostname="DESKTOP-R3NAQK4" failures="0" tests="2" name="testts.test" time="14.880" errors="0" timestamp="2024-08-18T13:49:52 IST" skipped="0">
  <testcase classname="testts.test" name="verify" time="5.668"/>
  <testcase classname="testts.test" name="execute" time="9.212"/>
</testsuite> <!-- testts.test -->
