<?xml version="1.0" encoding="UTF-8"?>
<!-- Generated by org.testng.reporters.JUnitReportReporter -->
<testsuite hostname="DESKTOP-R3NAQK4" failures="0" tests="2" name="testts.Errorvalidation" time="16.025" errors="0" timestamp="2024-08-17T02:11:03 IST" skipped="0">
  <testcase classname="testts.Errorvalidation" name="execute" time="8.365"/>
  <testcase classname="testts.Errorvalidation" name="execute" time="7.660"/>
</testsuite> <!-- testts.Errorvalidation -->
