<?xml version="1.0" encoding="UTF-8"?>
<!-- Generated by org.testng.reporters.JUnitReportReporter -->
<testsuite hostname="DESKTOP-R3NAQK4" failures="0" tests="2" name="testts.test" time="26.039" errors="0" timestamp="2024-07-31T21:07:52 IST" skipped="0">
  <testcase classname="testts.test" name="execute" time="12.427"/>
  <testcase classname="testts.test" name="verify" time="13.612"/>
</testsuite> <!-- testts.test -->
