<?xml version="1.0" encoding="UTF-8"?>
<!-- Generated by org.testng.reporters.JUnitReportReporter -->
<testsuite hostname="DESKTOP-R3NAQK4" failures="0" tests="2" name="cucumber.TestNGRunner" time="12.292" errors="0" timestamp="2024-08-19T22:53:10 IST" skipped="0">
  <testcase classname="cucumber.TestNGRunner" name="runScenario" time="6.830"/>
  <testcase classname="cucumber.TestNGRunner" name="runScenario" time="5.462"/>
</testsuite> <!-- cucumber.TestNGRunner -->
